<?xml version="1.0" encoding="UTF-8" ?>
<testsuite errors="0" failures="0" hostname="nt11" name="mailchecker.MailCheckerPositiveTest" tests="13" time="0.235" timestamp="2009-10-16T08:19:25">
  <properties>
[...]
</properties>
  <testcase classname="mailchecker.MailCheckerPositiveTest" name="testIsEmail" time="0.032" />
  <testcase classname="mailchecker.MailCheckerPositiveTest" name="testUnderscoreInsideUsername" time="0.0" />
  <testcase classname="mailchecker.MailCheckerPositiveTest" name="testOneLetterInUsernameAndBeforeDomain" time="0.015" />
  <testcase classname="mailchecker.MailCheckerPositiveTest" name="testDotInsideUsername" time="0.0" />
  <testcase classname="mailchecker.MailCheckerPositiveTest" name="testFourLettersInDomain" time="0.016" />
  <testcase classname="mailchecker.MailCheckerPositiveTest" name="testFirstUnderscoreWithDot" time="0.0" />
  <testcase classname="mailchecker.MailCheckerPositiveTest" name="testDomainIsMuseum" time="0.0" />
  <testcase classname="mailchecker.MailCheckerPositiveTest" name="testDigitAndDotContractInsideUsername" time="0.0" />
  <testcase classname="mailchecker.MailCheckerPositiveTest" name="testDashInsideUsename" time="0.015" />
  <testcase classname="mailchecker.MailCheckerPositiveTest" name="testTwoDotsInUsename" time="0.0" />
  <testcase classname="mailchecker.MailCheckerPositiveTest" name="testTwoDashsInsideUsername" time="0.0" />
  <testcase classname="mailchecker.MailCheckerPositiveTest" name="testSurroundedUnderlines" time="0.016" />
  <testcase classname="mailchecker.MailCheckerPositiveTest" name="testManySubdomains" time="0.0" />
  <system-out><![CDATA[]]></system-out>
  <system-err><![CDATA[]]></system-err>
</testsuite>
