<?xml version="1.0" encoding="UTF-8" ?>
<testsuite errors="0" failures="0" hostname="NT1" name="TestsProgram" tests="3" time="0.11" timestamp="2009-12-11T09:04:33">
  <properties>
[...]
</properties>
  <testcase classname="TestsProgram" name="testNullException" time="0.016" />
  <testcase classname="TestsProgram" name="testConstructionOfHouse" time="0.0" />
  <testcase classname="TestsProgram" name="testConstructionOfBarn" time="0.0" />
  <system-out><![CDATA[build of house
build of barn
]]></system-out>
  <system-err><![CDATA[]]></system-err>
</testsuite>
